Build started 2015-04-06 7:19:19 PM.
     1>Project "D:\C371 Branches\GraphicsAhoy-master\GraphicsAhoy-master\371ProjectTeam4\VS2013\Assignment1.vcxproj" on node 2 (Build target(s)).
     1>ClCompile:
         C:\Program Files (x86)\Microsoft Visual Studio 12.0\VC\bin\CL.exe /c /I"../ThirdParty/glew-1.10.0/include" /I"../ThirdParty/glfw-3.0.4/include" /I../ThirdParty/glm /ZI /nologo /W3 /WX- /Od /Oy- /D WIN32 /D _DEBUG /D _CONSOLE /D _UNICODE /D UNICODE /Gm /EHsc /RTC1 /MDd /GS /fp:precise /Zc:wchar_t /Zc:forScope /Fo"D:\C371 Branches\GraphicsAhoy-master\GraphicsAhoy-master\371ProjectTeam4\VS2013\/../Build/Debug/" /Fd"D:\C371 Branches\GraphicsAhoy-master\GraphicsAhoy-master\371ProjectTeam4\VS2013\/../Build/Debug/vc120.pdb" /Gd /TP /analyze- /errorReport:prompt ..\Source\Renderer.cpp
         Renderer.cpp
     1>d:\c371 branches\graphicsahoy-master\graphicsahoy-master\371projectteam4\source\renderer.cpp(171): warning C4018: '<' : signed/unsigned mismatch
       Link:
         C:\Program Files (x86)\Microsoft Visual Studio 12.0\VC\bin\link.exe /ERRORREPORT:PROMPT /OUT:"D:\C371 Branches\GraphicsAhoy-master\GraphicsAhoy-master\371ProjectTeam4\VS2013\/../Bin/371ProjectTeam4-Debug.exe" /INCREMENTAL /NOLOGO /LIBPATH:"../ThirdParty/glew-1.10.0/lib/Release/Win32" /LIBPATH:"../ThirdParty/glfw-3.0.4/lib/Win32/lib-msvc110" opengl32.lib glew32s.lib glfw3.lib kernel32.lib user32.lib gdi32.lib winspool.lib comdlg32.lib advapi32.lib shell32.lib ole32.lib oleaut32.lib uuid.lib odbc32.lib odbccp32.lib kernel32.lib user32.lib gdi32.lib winspool.lib comdlg32.lib advapi32.lib shell32.lib ole32.lib oleaut32.lib uuid.lib odbc32.lib odbccp32.lib /MANIFEST /MANIFESTUAC:"level='asInvoker' uiAccess='false'" /manifest:embed /DEBUG /PDB:"D:\C371 Branches\GraphicsAhoy-master\GraphicsAhoy-master\371ProjectTeam4\VS2013\/../Bin/371ProjectTeam4-Debug.pdb" /SUBSYSTEM:CONSOLE /TLBID:1 /DYNAMICBASE /NXCOMPAT /IMPLIB:"D:\C371 Branches\GraphicsAhoy-master\GraphicsAhoy-master\371ProjectTeam4\VS2013\/../Bin/371ProjectTeam4-Debug.lib" /MACHINE:X86 "D:\C371 Branches\GraphicsAhoy-master\GraphicsAhoy-master\371ProjectTeam4\VS2013\/../Build/Debug/BSpline.obj"
         "D:\C371 Branches\GraphicsAhoy-master\GraphicsAhoy-master\371ProjectTeam4\VS2013\/../Build/Debug/BSplineCamera.obj"
         "D:\C371 Branches\GraphicsAhoy-master\GraphicsAhoy-master\371ProjectTeam4\VS2013\/../Build/Debug/Camera.obj"
         "D:\C371 Branches\GraphicsAhoy-master\GraphicsAhoy-master\371ProjectTeam4\VS2013\/../Build/Debug/light.obj"
         "D:\C371 Branches\GraphicsAhoy-master\GraphicsAhoy-master\371ProjectTeam4\VS2013\/../Build/Debug/Mesh.obj"
         "D:\C371 Branches\GraphicsAhoy-master\GraphicsAhoy-master\371ProjectTeam4\VS2013\/../Build/Debug/meshLoader.obj"
         "D:\C371 Branches\GraphicsAhoy-master\GraphicsAhoy-master\371ProjectTeam4\VS2013\/../Build/Debug/BillBoard.obj"
         "D:\C371 Branches\GraphicsAhoy-master\GraphicsAhoy-master\371ProjectTeam4\VS2013\/../Build/Debug/CubeModel.obj"
         "D:\C371 Branches\GraphicsAhoy-master\GraphicsAhoy-master\371ProjectTeam4\VS2013\/../Build/Debug/GroupModel.obj"
         "D:\C371 Branches\GraphicsAhoy-master\GraphicsAhoy-master\371ProjectTeam4\VS2013\/../Build/Debug/LightModel.obj"
         "D:\C371 Branches\GraphicsAhoy-master\GraphicsAhoy-master\371ProjectTeam4\VS2013\/../Build/Debug/Model.obj"
         "D:\C371 Branches\GraphicsAhoy-master\GraphicsAhoy-master\371ProjectTeam4\VS2013\/../Build/Debug/particle.obj"
         "D:\C371 Branches\GraphicsAhoy-master\GraphicsAhoy-master\371ProjectTeam4\VS2013\/../Build/Debug/particleEmitter.obj"
         "D:\C371 Branches\GraphicsAhoy-master\GraphicsAhoy-master\371ProjectTeam4\VS2013\/../Build/Debug/PlaneModel.obj"
         "D:\C371 Branches\GraphicsAhoy-master\GraphicsAhoy-master\371ProjectTeam4\VS2013\/../Build/Debug/RazorbackModel.obj"
         "D:\C371 Branches\GraphicsAhoy-master\GraphicsAhoy-master\371ProjectTeam4\VS2013\/../Build/Debug/SphereModel.obj"
         "D:\C371 Branches\GraphicsAhoy-master\GraphicsAhoy-master\371ProjectTeam4\VS2013\/../Build/Debug/TorrentModel.obj"
         "D:\C371 Branches\GraphicsAhoy-master\GraphicsAhoy-master\371ProjectTeam4\VS2013\/../Build/Debug/Path.obj"
         "D:\C371 Branches\GraphicsAhoy-master\GraphicsAhoy-master\371ProjectTeam4\VS2013\/../Build/Debug/StaticCamera.obj"
         "D:\C371 Branches\GraphicsAhoy-master\GraphicsAhoy-master\371ProjectTeam4\VS2013\/../Build/Debug/EventManager.obj"
         "D:\C371 Branches\GraphicsAhoy-master\GraphicsAhoy-master\371ProjectTeam4\VS2013\/../Build/Debug/main.obj"
         "D:\C371 Branches\GraphicsAhoy-master\GraphicsAhoy-master\371ProjectTeam4\VS2013\/../Build/Debug/Renderer.obj"
         "D:\C371 Branches\GraphicsAhoy-master\GraphicsAhoy-master\371ProjectTeam4\VS2013\/../Build/Debug/ThirdPersonCamera.obj"
         "D:\C371 Branches\GraphicsAhoy-master\GraphicsAhoy-master\371ProjectTeam4\VS2013\/../Build/Debug/World.obj"
         Assignment1.vcxproj -> D:\C371 Branches\GraphicsAhoy-master\GraphicsAhoy-master\371ProjectTeam4\VS2013\/../Bin/371ProjectTeam4-Debug.exe
     1>Done Building Project "D:\C371 Branches\GraphicsAhoy-master\GraphicsAhoy-master\371ProjectTeam4\VS2013\Assignment1.vcxproj" (Build target(s)).

Build succeeded.

Time Elapsed 00:00:00.93
