Build started 2015-03-20 4:22:05 PM.
     1>Project "C:\MAMP\htdocs\ROOT\Dropbox\school\Concordia\Winter 2015\Computer Graphics\Project\GraphicsAhoy\371ProjectTeam4\VS2012\Assignment1.vcxproj" on node 2 (Build target(s)).
     1>ClCompile:
         C:\Program Files (x86)\Microsoft Visual Studio 11.0\VC\bin\CL.exe /c /I"../ThirdParty/glew-1.10.0/include" /I"../ThirdParty/glfw-3.0.4/include" /I../ThirdParty/glm /ZI /nologo /W3 /WX- /Od /Oy- /D WIN32 /D _DEBUG /D _CONSOLE /D _UNICODE /D UNICODE /Gm /EHsc /RTC1 /MDd /GS /fp:precise /Zc:wchar_t /Zc:forScope /Fo"C:\MAMP\htdocs\ROOT\Dropbox\school\Concordia\Winter 2015\Computer Graphics\Project\GraphicsAhoy\371ProjectTeam4\VS2012\/../Build/Debug/" /Fd"C:\MAMP\htdocs\ROOT\Dropbox\school\Concordia\Winter 2015\Computer Graphics\Project\GraphicsAhoy\371ProjectTeam4\VS2012\/../Build/Debug/vc110.pdb" /Gd /TP /analyze- /errorReport:prompt ..\Source\BSpline.cpp ..\Source\BSplineCamera.cpp ..\Source\Camera.cpp ..\Source\light.cpp ..\Source\Models\CubeModel.cpp ..\Source\Models\GroupModel.cpp ..\Source\Models\Model.cpp ..\Source\Models\PlaneModel.cpp ..\Source\Models\SphereModel.cpp ..\Source\Models\TorrentModel.cpp ..\Source\Path.cpp ..\Source\StaticCamera.cpp ..\Source\EventManager.cpp ..\Source\main.cpp ..\Source\Renderer.cpp ..\Source\ThirdPersonCamera.cpp ..\Source\World.cpp
         World.cpp
         ThirdPersonCamera.cpp
         GLM: rotate function taking degrees as a parameter is deprecated. #define GLM_FORCE_RADIANS before including GLM headers to remove this message.
         Renderer.cpp
     1>c:\mamp\htdocs\root\dropbox\school\concordia\winter 2015\computer graphics\project\graphicsahoy\371projectteam4\source\renderer.cpp(118): warning C4018: '<' : signed/unsigned mismatch
         main.cpp
         EventManager.cpp
     1>c:\mamp\htdocs\root\dropbox\school\concordia\winter 2015\computer graphics\project\graphicsahoy\371projectteam4\source\eventmanager.cpp(66): warning C4244: 'argument' : conversion from 'double' to 'int', possible loss of data
     1>c:\mamp\htdocs\root\dropbox\school\concordia\winter 2015\computer graphics\project\graphicsahoy\371projectteam4\source\eventmanager.cpp(148): warning C4244: 'return' : conversion from 'double' to 'float', possible loss of data
     1>c:\mamp\htdocs\root\dropbox\school\concordia\winter 2015\computer graphics\project\graphicsahoy\371projectteam4\source\eventmanager.cpp(153): warning C4244: 'return' : conversion from 'double' to 'float', possible loss of data
     1>c:\mamp\htdocs\root\dropbox\school\concordia\winter 2015\computer graphics\project\graphicsahoy\371projectteam4\source\eventmanager.cpp(156): warning C4244: 'return' : conversion from 'double' to 'float', possible loss of data
     1>c:\mamp\htdocs\root\dropbox\school\concordia\winter 2015\computer graphics\project\graphicsahoy\371projectteam4\source\eventmanager.cpp(159): warning C4244: 'return' : conversion from 'double' to 'float', possible loss of data
         StaticCamera.cpp
         Path.cpp
         TorrentModel.cpp
         SphereModel.cpp
         PlaneModel.cpp
     1>c:\mamp\htdocs\root\dropbox\school\concordia\winter 2015\computer graphics\project\graphicsahoy\371projectteam4\source\models\planemodel.cpp(50): warning C4305: 'initializing' : truncation from 'double' to 'float'
         Model.cpp
         GLM: rotate function taking degrees as a parameter is deprecated. #define GLM_FORCE_RADIANS before including GLM headers to remove this message.
         GroupModel.cpp
         CubeModel.cpp
         light.cpp
         Camera.cpp
         GLM: perspective function taking degrees as a parameter is deprecated. #define GLM_FORCE_RADIANS before including GLM headers to remove this message.
         BSplineCamera.cpp
         GLM: rotate function taking degrees as a parameter is deprecated. #define GLM_FORCE_RADIANS before including GLM headers to remove this message.
         BSpline.cpp
     1>c:\mamp\htdocs\root\dropbox\school\concordia\winter 2015\computer graphics\project\graphicsahoy\371projectteam4\source\bspline.cpp(96): warning C4244: 'argument' : conversion from 'float' to 'const unsigned long', possible loss of data
     1>c:\mamp\htdocs\root\dropbox\school\concordia\winter 2015\computer graphics\project\graphicsahoy\371projectteam4\source\bspline.cpp(98): warning C4018: '<' : signed/unsigned mismatch
     1>c:\mamp\htdocs\root\dropbox\school\concordia\winter 2015\computer graphics\project\graphicsahoy\371projectteam4\source\bspline.cpp(71): warning C4101: 'l' : unreferenced local variable
     1>c:\mamp\htdocs\root\dropbox\school\concordia\winter 2015\computer graphics\project\graphicsahoy\371projectteam4\source\bspline.cpp(193): warning C4244: 'return' : conversion from 'unsigned long' to 'float', possible loss of data
         Generating Code...
       Link:
         C:\Program Files (x86)\Microsoft Visual Studio 11.0\VC\bin\link.exe /ERRORREPORT:PROMPT /OUT:"C:\MAMP\htdocs\ROOT\Dropbox\school\Concordia\Winter 2015\Computer Graphics\Project\GraphicsAhoy\371ProjectTeam4\VS2012\/../Bin/371ProjectTeam4-Debug.exe" /INCREMENTAL /NOLOGO /LIBPATH:"../ThirdParty/glew-1.10.0/lib/Release/Win32" /LIBPATH:"../ThirdParty/glfw-3.0.4/lib/Win32/lib-msvc110" opengl32.lib glew32s.lib glfw3.lib kernel32.lib user32.lib gdi32.lib winspool.lib comdlg32.lib advapi32.lib shell32.lib ole32.lib oleaut32.lib uuid.lib odbc32.lib odbccp32.lib kernel32.lib user32.lib gdi32.lib winspool.lib comdlg32.lib advapi32.lib shell32.lib ole32.lib oleaut32.lib uuid.lib odbc32.lib odbccp32.lib /MANIFEST /MANIFESTUAC:"level='asInvoker' uiAccess='false'" /manifest:embed /DEBUG /PDB:"C:\MAMP\htdocs\ROOT\Dropbox\school\Concordia\Winter 2015\Computer Graphics\Project\GraphicsAhoy\371ProjectTeam4\VS2012\/../Bin/371ProjectTeam4-Debug.pdb" /SUBSYSTEM:CONSOLE /TLBID:1 /DYNAMICBASE /NXCOMPAT /IMPLIB:"C:\MAMP\htdocs\ROOT\Dropbox\school\Concordia\Winter 2015\Computer Graphics\Project\GraphicsAhoy\371ProjectTeam4\VS2012\/../Bin/371ProjectTeam4-Debug.lib" /MACHINE:X86 "C:\MAMP\htdocs\ROOT\Dropbox\school\Concordia\Winter 2015\Computer Graphics\Project\GraphicsAhoy\371ProjectTeam4\VS2012\/../Build/Debug/BSpline.obj"
         "C:\MAMP\htdocs\ROOT\Dropbox\school\Concordia\Winter 2015\Computer Graphics\Project\GraphicsAhoy\371ProjectTeam4\VS2012\/../Build/Debug/BSplineCamera.obj"
         "C:\MAMP\htdocs\ROOT\Dropbox\school\Concordia\Winter 2015\Computer Graphics\Project\GraphicsAhoy\371ProjectTeam4\VS2012\/../Build/Debug/Camera.obj"
         "C:\MAMP\htdocs\ROOT\Dropbox\school\Concordia\Winter 2015\Computer Graphics\Project\GraphicsAhoy\371ProjectTeam4\VS2012\/../Build/Debug/light.obj"
         "C:\MAMP\htdocs\ROOT\Dropbox\school\Concordia\Winter 2015\Computer Graphics\Project\GraphicsAhoy\371ProjectTeam4\VS2012\/../Build/Debug/CubeModel.obj"
         "C:\MAMP\htdocs\ROOT\Dropbox\school\Concordia\Winter 2015\Computer Graphics\Project\GraphicsAhoy\371ProjectTeam4\VS2012\/../Build/Debug/GroupModel.obj"
         "C:\MAMP\htdocs\ROOT\Dropbox\school\Concordia\Winter 2015\Computer Graphics\Project\GraphicsAhoy\371ProjectTeam4\VS2012\/../Build/Debug/Model.obj"
         "C:\MAMP\htdocs\ROOT\Dropbox\school\Concordia\Winter 2015\Computer Graphics\Project\GraphicsAhoy\371ProjectTeam4\VS2012\/../Build/Debug/PlaneModel.obj"
         "C:\MAMP\htdocs\ROOT\Dropbox\school\Concordia\Winter 2015\Computer Graphics\Project\GraphicsAhoy\371ProjectTeam4\VS2012\/../Build/Debug/SphereModel.obj"
         "C:\MAMP\htdocs\ROOT\Dropbox\school\Concordia\Winter 2015\Computer Graphics\Project\GraphicsAhoy\371ProjectTeam4\VS2012\/../Build/Debug/TorrentModel.obj"
         "C:\MAMP\htdocs\ROOT\Dropbox\school\Concordia\Winter 2015\Computer Graphics\Project\GraphicsAhoy\371ProjectTeam4\VS2012\/../Build/Debug/Path.obj"
         "C:\MAMP\htdocs\ROOT\Dropbox\school\Concordia\Winter 2015\Computer Graphics\Project\GraphicsAhoy\371ProjectTeam4\VS2012\/../Build/Debug/StaticCamera.obj"
         "C:\MAMP\htdocs\ROOT\Dropbox\school\Concordia\Winter 2015\Computer Graphics\Project\GraphicsAhoy\371ProjectTeam4\VS2012\/../Build/Debug/EventManager.obj"
         "C:\MAMP\htdocs\ROOT\Dropbox\school\Concordia\Winter 2015\Computer Graphics\Project\GraphicsAhoy\371ProjectTeam4\VS2012\/../Build/Debug/main.obj"
         "C:\MAMP\htdocs\ROOT\Dropbox\school\Concordia\Winter 2015\Computer Graphics\Project\GraphicsAhoy\371ProjectTeam4\VS2012\/../Build/Debug/Renderer.obj"
         "C:\MAMP\htdocs\ROOT\Dropbox\school\Concordia\Winter 2015\Computer Graphics\Project\GraphicsAhoy\371ProjectTeam4\VS2012\/../Build/Debug/ThirdPersonCamera.obj"
         "C:\MAMP\htdocs\ROOT\Dropbox\school\Concordia\Winter 2015\Computer Graphics\Project\GraphicsAhoy\371ProjectTeam4\VS2012\/../Build/Debug/World.obj"
     1>LINK : warning LNK4098: defaultlib 'LIBCMT' conflicts with use of other libs; use /NODEFAULTLIB:library
     1>LINK : warning LNK4098: defaultlib 'MSVCRT' conflicts with use of other libs; use /NODEFAULTLIB:library
     1>glew32s.lib(glew.obj) : warning LNK4099: PDB 'vc100.pdb' was not found with 'glew32s.lib(glew.obj)' or at 'C:\MAMP\htdocs\ROOT\Dropbox\school\Concordia\Winter 2015\Computer Graphics\Project\GraphicsAhoy\371ProjectTeam4\Bin\vc100.pdb'; linking object as if no debug info
         Assignment1.vcxproj -> C:\MAMP\htdocs\ROOT\Dropbox\school\Concordia\Winter 2015\Computer Graphics\Project\GraphicsAhoy\371ProjectTeam4\VS2012\/../Bin/371ProjectTeam4-Debug.exe
     1>Done Building Project "C:\MAMP\htdocs\ROOT\Dropbox\school\Concordia\Winter 2015\Computer Graphics\Project\GraphicsAhoy\371ProjectTeam4\VS2012\Assignment1.vcxproj" (Build target(s)).

Build succeeded.

Time Elapsed 00:00:20.89
