Build started 3/30/2015 3:37:04 PM.
     1>Project "C:\Users\Eric\Documents\GitHub\GraphicsAhoy\371ProjectTeam4\371ProjectTeam4\VS2012\Assignment1.vcxproj" on node 2 (Build target(s)).
     1>Link:
         C:\Program Files (x86)\Microsoft Visual Studio 12.0\VC\bin\link.exe /ERRORREPORT:PROMPT /OUT:"C:\Users\Eric\Documents\GitHub\GraphicsAhoy\371ProjectTeam4\371ProjectTeam4\VS2012\/../Bin/371ProjectTeam4-Debug.exe" /INCREMENTAL /NOLOGO /LIBPATH:"../ThirdParty/glew-1.10.0/lib/Release/Win32" /LIBPATH:"../ThirdParty/glfw-3.0.4/lib/Win32/lib-msvc110" opengl32.lib glew32s.lib glfw3.lib kernel32.lib user32.lib gdi32.lib winspool.lib comdlg32.lib advapi32.lib shell32.lib ole32.lib oleaut32.lib uuid.lib odbc32.lib odbccp32.lib kernel32.lib user32.lib gdi32.lib winspool.lib comdlg32.lib advapi32.lib shell32.lib ole32.lib oleaut32.lib uuid.lib odbc32.lib odbccp32.lib /MANIFEST /MANIFESTUAC:"level='asInvoker' uiAccess='false'" /manifest:embed /DEBUG /PDB:"C:\Users\Eric\Documents\GitHub\GraphicsAhoy\371ProjectTeam4\371ProjectTeam4\VS2012\/../Bin/371ProjectTeam4-Debug.pdb" /SUBSYSTEM:CONSOLE /TLBID:1 /DYNAMICBASE /NXCOMPAT /IMPLIB:"C:\Users\Eric\Documents\GitHub\GraphicsAhoy\371ProjectTeam4\371ProjectTeam4\VS2012\/../Bin/371ProjectTeam4-Debug.lib" /MACHINE:X86 C:\Users\Eric\Documents\GitHub\GraphicsAhoy\371ProjectTeam4\371ProjectTeam4\VS2012\/../Build/Debug/BSpline.obj
         C:\Users\Eric\Documents\GitHub\GraphicsAhoy\371ProjectTeam4\371ProjectTeam4\VS2012\/../Build/Debug/BSplineCamera.obj
         C:\Users\Eric\Documents\GitHub\GraphicsAhoy\371ProjectTeam4\371ProjectTeam4\VS2012\/../Build/Debug/Camera.obj
         C:\Users\Eric\Documents\GitHub\GraphicsAhoy\371ProjectTeam4\371ProjectTeam4\VS2012\/../Build/Debug/light.obj
         C:\Users\Eric\Documents\GitHub\GraphicsAhoy\371ProjectTeam4\371ProjectTeam4\VS2012\/../Build/Debug/CubeModel.obj
         C:\Users\Eric\Documents\GitHub\GraphicsAhoy\371ProjectTeam4\371ProjectTeam4\VS2012\/../Build/Debug/GroupModel.obj
         C:\Users\Eric\Documents\GitHub\GraphicsAhoy\371ProjectTeam4\371ProjectTeam4\VS2012\/../Build/Debug/Model.obj
         C:\Users\Eric\Documents\GitHub\GraphicsAhoy\371ProjectTeam4\371ProjectTeam4\VS2012\/../Build/Debug/PlaneModel.obj
         C:\Users\Eric\Documents\GitHub\GraphicsAhoy\371ProjectTeam4\371ProjectTeam4\VS2012\/../Build/Debug/SphereModel.obj
         C:\Users\Eric\Documents\GitHub\GraphicsAhoy\371ProjectTeam4\371ProjectTeam4\VS2012\/../Build/Debug/TorrentModel.obj
         C:\Users\Eric\Documents\GitHub\GraphicsAhoy\371ProjectTeam4\371ProjectTeam4\VS2012\/../Build/Debug/Path.obj
         C:\Users\Eric\Documents\GitHub\GraphicsAhoy\371ProjectTeam4\371ProjectTeam4\VS2012\/../Build/Debug/StaticCamera.obj
         C:\Users\Eric\Documents\GitHub\GraphicsAhoy\371ProjectTeam4\371ProjectTeam4\VS2012\/../Build/Debug/EventManager.obj
         C:\Users\Eric\Documents\GitHub\GraphicsAhoy\371ProjectTeam4\371ProjectTeam4\VS2012\/../Build/Debug/main.obj
         C:\Users\Eric\Documents\GitHub\GraphicsAhoy\371ProjectTeam4\371ProjectTeam4\VS2012\/../Build/Debug/Renderer.obj
         C:\Users\Eric\Documents\GitHub\GraphicsAhoy\371ProjectTeam4\371ProjectTeam4\VS2012\/../Build/Debug/ThirdPersonCamera.obj
         C:\Users\Eric\Documents\GitHub\GraphicsAhoy\371ProjectTeam4\371ProjectTeam4\VS2012\/../Build/Debug/World.obj
     1>LINK : warning LNK4098: defaultlib 'LIBCMT' conflicts with use of other libs; use /NODEFAULTLIB:library
     1>LINK : warning LNK4098: defaultlib 'MSVCRT' conflicts with use of other libs; use /NODEFAULTLIB:library
     1>Renderer.obj : error LNK2019: unresolved external symbol "public: __thiscall Texture::Texture(int,int,unsigned char *,unsigned int,float,unsigned int,unsigned int,bool,unsigned int)" (??0Texture@@QAE@HHPAEIMII_NI@Z) referenced in function "void __cdecl `dynamic initializer for 'g_tempTarget''(void)" (??__Eg_tempTarget@@YAXXZ)
     1>World.obj : error LNK2001: unresolved external symbol "public: __thiscall Texture::Texture(int,int,unsigned char *,unsigned int,float,unsigned int,unsigned int,bool,unsigned int)" (??0Texture@@QAE@HHPAEIMII_NI@Z)
     1>World.obj : error LNK2019: unresolved external symbol "public: void __thiscall Texture::BindAsRenderTarget(void)" (?BindAsRenderTarget@Texture@@QAEXXZ) referenced in function "public: void __thiscall World::Draw(void)" (?Draw@World@@QAEXXZ)
     1>World.obj : error LNK2019: unresolved external symbol "public: __thiscall CubeModelGround::CubeModelGround(struct glm::detail::tvec3<float,0>)" (??0CubeModelGround@@QAE@U?$tvec3@M$0A@@detail@glm@@@Z) referenced in function "public: void __thiscall World::LoadScene(char const *)" (?LoadScene@World@@QAEXPBD@Z)
     1>World.obj : error LNK2019: unresolved external symbol "public: void __thiscall CubeModelGround::Load(class std::basic_istringstream<char,struct ci_char_traits,class std::allocator<char> > &)" (?Load@CubeModelGround@@QAEXAAV?$basic_istringstream@DUci_char_traits@@V?$allocator@D@std@@@std@@@Z) referenced in function "public: void __thiscall World::LoadScene(char const *)" (?LoadScene@World@@QAEXPBD@Z)
     1>C:\Users\Eric\Documents\GitHub\GraphicsAhoy\371ProjectTeam4\371ProjectTeam4\VS2012\/../Bin/371ProjectTeam4-Debug.exe : fatal error LNK1120: 4 unresolved externals
     1>Done Building Project "C:\Users\Eric\Documents\GitHub\GraphicsAhoy\371ProjectTeam4\371ProjectTeam4\VS2012\Assignment1.vcxproj" (Build target(s)) -- FAILED.

Build FAILED.

Time Elapsed 00:00:00.27
